Построение начато 19.12.2016 15:56:00.
     1>Проект "D:\MINE_PERSONAL\GIT\LineDetector\build\vs2010\LineDetector.vcxproj" в узле 2 (целевые объекты build).
     1>InitializeBuildStatus:
         Обращение к "line_detector\Win32\Debug\line_detector.unsuccessfulbuild".
       ClCompile:
         c:\Program Files (x86)\Microsoft Visual Studio 10.0\VC\bin\CL.exe /c /ID:\MINE_PERSONAL\GIT\LineDetector\build\vs2010\\..\..\lib\opencv_3\include /ZI /nologo /W3 /WX- /Od /Oy- /D WIN32 /D _DEBUG /D _CONSOLE /D _UNICODE /D UNICODE /Gm /EHsc /RTC1 /MDd /GS /fp:precise /Zc:wchar_t /Zc:forScope /Yc"StdAfx.h" /Fp"line_detector\Win32\Debug\line_detector.pch" /Fo"line_detector\Win32\Debug\\" /Fd"line_detector\Win32\Debug\vc100.pdb" /Gd /TP /analyze- /errorReport:prompt ..\..\source\line_detector\stdafx.cpp
         stdafx.cpp
         c:\Program Files (x86)\Microsoft Visual Studio 10.0\VC\bin\CL.exe /c /ID:\MINE_PERSONAL\GIT\LineDetector\build\vs2010\\..\..\lib\opencv_3\include /ZI /nologo /W3 /WX- /Od /Oy- /D WIN32 /D _DEBUG /D _CONSOLE /D _UNICODE /D UNICODE /Gm /EHsc /RTC1 /MDd /GS /fp:precise /Zc:wchar_t /Zc:forScope /Yu"StdAfx.h" /Fp"line_detector\Win32\Debug\line_detector.pch" /Fo"line_detector\Win32\Debug\\" /Fd"line_detector\Win32\Debug\vc100.pdb" /Gd /TP /analyze- /errorReport:prompt ..\..\source\line_detector\line_detector.cpp ..\..\source\line_detector\main.cpp
         main.cpp
     1>d:\mine_personal\git\linedetector\source\line_detector\main.cpp(44): warning C4244: аргумент: преобразование "double" в "float", возможна потеря данных
     1>d:\mine_personal\git\linedetector\source\line_detector\main.cpp(53): warning C4244: return: преобразование "double" в "float", возможна потеря данных
     1>d:\mine_personal\git\linedetector\source\line_detector\main.cpp(164): warning C4018: <=: несоответствие типов со знаком и без знака
         line_detector.cpp
         Создание кода...
       ManifestResourceCompile:
         C:\Program Files (x86)\Microsoft SDKs\Windows\v7.0A\bin\rc.exe /nologo /fo"line_detector\Win32\Debug\line_detector.exe.embed.manifest.res" line_detector\Win32\Debug\line_detector_manifest.rc 
       Link:
         c:\Program Files (x86)\Microsoft Visual Studio 10.0\VC\bin\link.exe /ERRORREPORT:PROMPT /OUT:"D:\MINE_PERSONAL\GIT\LineDetector\build\vs2010\\..\..\bin\Win32\Debug\line_detector.exe" /INCREMENTAL /NOLOGO /LIBPATH:D:\MINE_PERSONAL\GIT\LineDetector\build\vs2010\\..\..\lib\opencv_3\x86\vc10\lib kernel32.lib user32.lib gdi32.lib winspool.lib comdlg32.lib advapi32.lib shell32.lib ole32.lib oleaut32.lib uuid.lib odbc32.lib odbccp32.lib /MANIFEST /ManifestFile:"line_detector\Win32\Debug\line_detector.exe.intermediate.manifest" /MANIFESTUAC:"level='asInvoker' uiAccess='false'" /DEBUG /PDB:"D:\MINE_PERSONAL\GIT\LineDetector\bin\Win32\Debug\line_detector.pdb" /SUBSYSTEM:CONSOLE /TLBID:1 /DYNAMICBASE /NXCOMPAT /IMPLIB:"D:\MINE_PERSONAL\GIT\LineDetector\build\vs2010\\..\..\bin\Win32\Debug\line_detector.lib" /MACHINE:X86 line_detector\Win32\Debug\line_detector.exe.embed.manifest.res
         line_detector\Win32\Debug\line_detector.obj
         line_detector\Win32\Debug\main.obj
         line_detector\Win32\Debug\stdafx.obj
     1>line_detector.obj : error LNK2019: ссылка на неразрешенный внешний символ "void __cdecl cv::fastFree(void *)" (?fastFree@cv@@YAXPAX@Z) в функции "public: __thiscall cv::Mat::~Mat(void)" (??1Mat@cv@@QAE@XZ)
     1>main.obj : error LNK2001: неразрешенный внешний символ ""void __cdecl cv::fastFree(void *)" (?fastFree@cv@@YAXPAX@Z)"
     1>line_detector.obj : error LNK2019: ссылка на неразрешенный внешний символ "public: void __thiscall cv::Mat::deallocate(void)" (?deallocate@Mat@cv@@QAEXXZ) в функции "public: void __thiscall cv::Mat::release(void)" (?release@Mat@cv@@QAEXXZ)
     1>main.obj : error LNK2001: неразрешенный внешний символ ""public: void __thiscall cv::Mat::deallocate(void)" (?deallocate@Mat@cv@@QAEXXZ)"
     1>line_detector.obj : error LNK2019: ссылка на неразрешенный внешний символ "void __cdecl cv::error(int,class cv::String const &,char const *,char const *,int)" (?error@cv@@YAXHABVString@1@PBD1H@Z) в функции "public: __thiscall cv::Mat::Mat(class cv::Mat &&)" (??0Mat@cv@@QAE@$$QAV01@@Z)
     1>main.obj : error LNK2001: неразрешенный внешний символ ""void __cdecl cv::error(int,class cv::String const &,char const *,char const *,int)" (?error@cv@@YAXHABVString@1@PBD1H@Z)"
     1>line_detector.obj : error LNK2019: ссылка на неразрешенный внешний символ "private: char * __thiscall cv::String::allocate(unsigned int)" (?allocate@String@cv@@AAEPADI@Z) в функции "public: __thiscall cv::String::String(char const *)" (??0String@cv@@QAE@PBD@Z)
     1>main.obj : error LNK2001: неразрешенный внешний символ ""private: char * __thiscall cv::String::allocate(unsigned int)" (?allocate@String@cv@@AAEPADI@Z)"
     1>line_detector.obj : error LNK2019: ссылка на неразрешенный внешний символ "private: void __thiscall cv::String::deallocate(void)" (?deallocate@String@cv@@AAEXXZ) в функции "public: __thiscall cv::String::~String(void)" (??1String@cv@@QAE@XZ)
     1>main.obj : error LNK2001: неразрешенный внешний символ ""private: void __thiscall cv::String::deallocate(void)" (?deallocate@String@cv@@AAEXXZ)"
     1>line_detector.obj : error LNK2019: ссылка на неразрешенный внешний символ "void __cdecl cv::Canny(class cv::_InputArray const &,class cv::_OutputArray const &,double,double,int,bool)" (?Canny@cv@@YAXABV_InputArray@1@ABV_OutputArray@1@NNH_N@Z) в функции "private: void __thiscall LineDetector::getSkeleton(class cv::Mat const &,class cv::Mat &)const " (?getSkeleton@LineDetector@@ABEXABVMat@cv@@AAV23@@Z)
     1>main.obj : error LNK2001: неразрешенный внешний символ ""void __cdecl cv::Canny(class cv::_InputArray const &,class cv::_OutputArray const &,double,double,int,bool)" (?Canny@cv@@YAXABV_InputArray@1@ABV_OutputArray@1@NNH_N@Z)"
     1>line_detector.obj : error LNK2019: ссылка на неразрешенный внешний символ "void __cdecl cv::blur(class cv::_InputArray const &,class cv::_OutputArray const &,class cv::Size_<int>,class cv::Point_<int>,int)" (?blur@cv@@YAXABV_InputArray@1@ABV_OutputArray@1@V?$Size_@H@1@V?$Point_@H@1@H@Z) в функции "private: void __thiscall LineDetector::getSkeleton(class cv::Mat const &,class cv::Mat &)const " (?getSkeleton@LineDetector@@ABEXABVMat@cv@@AAV23@@Z)
     1>main.obj : error LNK2001: неразрешенный внешний символ ""void __cdecl cv::blur(class cv::_InputArray const &,class cv::_OutputArray const &,class cv::Size_<int>,class cv::Point_<int>,int)" (?blur@cv@@YAXABV_InputArray@1@ABV_OutputArray@1@V?$Size_@H@1@V?$Point_@H@1@H@Z)"
     1>line_detector.obj : error LNK2019: ссылка на неразрешенный внешний символ "void __cdecl cv::ximgproc::amFilter(class cv::_InputArray const &,class cv::_InputArray const &,class cv::_OutputArray const &,double,double,bool)" (?amFilter@ximgproc@cv@@YAXABV_InputArray@2@0ABV_OutputArray@2@NN_N@Z) в функции "private: void __thiscall LineDetector::getSkeleton(class cv::Mat const &,class cv::Mat &)const " (?getSkeleton@LineDetector@@ABEXABVMat@cv@@AAV23@@Z)
     1>main.obj : error LNK2001: неразрешенный внешний символ ""void __cdecl cv::ximgproc::amFilter(class cv::_InputArray const &,class cv::_InputArray const &,class cv::_OutputArray const &,double,double,bool)" (?amFilter@ximgproc@cv@@YAXABV_InputArray@2@0ABV_OutputArray@2@NN_N@Z)"
     1>line_detector.obj : error LNK2019: ссылка на неразрешенный внешний символ "void __cdecl cv::merge(class cv::_InputArray const &,class cv::_OutputArray const &)" (?merge@cv@@YAXABV_InputArray@1@ABV_OutputArray@1@@Z) в функции "private: void __thiscall LineDetector::equalizeHistograms(class cv::Mat const &,class cv::Mat &)const " (?equalizeHistograms@LineDetector@@ABEXABVMat@cv@@AAV23@@Z)
     1>main.obj : error LNK2001: неразрешенный внешний символ ""void __cdecl cv::merge(class cv::_InputArray const &,class cv::_OutputArray const &)" (?merge@cv@@YAXABV_InputArray@1@ABV_OutputArray@1@@Z)"
     1>line_detector.obj : error LNK2019: ссылка на неразрешенный внешний символ "struct cv::Ptr<class cv::CLAHE> __cdecl cv::createCLAHE(double,class cv::Size_<int>)" (?createCLAHE@cv@@YA?AU?$Ptr@VCLAHE@cv@@@1@NV?$Size_@H@1@@Z) в функции "private: void __thiscall LineDetector::equalizeHistograms(class cv::Mat const &,class cv::Mat &)const " (?equalizeHistograms@LineDetector@@ABEXABVMat@cv@@AAV23@@Z)
     1>main.obj : error LNK2001: неразрешенный внешний символ ""struct cv::Ptr<class cv::CLAHE> __cdecl cv::createCLAHE(double,class cv::Size_<int>)" (?createCLAHE@cv@@YA?AU?$Ptr@VCLAHE@cv@@@1@NV?$Size_@H@1@@Z)"
     1>line_detector.obj : error LNK2019: ссылка на неразрешенный внешний символ "void __cdecl cv::split(class cv::_InputArray const &,class cv::_OutputArray const &)" (?split@cv@@YAXABV_InputArray@1@ABV_OutputArray@1@@Z) в функции "private: void __thiscall LineDetector::equalizeHistograms(class cv::Mat const &,class cv::Mat &)const " (?equalizeHistograms@LineDetector@@ABEXABVMat@cv@@AAV23@@Z)
     1>main.obj : error LNK2001: неразрешенный внешний символ ""void __cdecl cv::split(class cv::_InputArray const &,class cv::_OutputArray const &)" (?split@cv@@YAXABV_InputArray@1@ABV_OutputArray@1@@Z)"
     1>line_detector.obj : error LNK2019: ссылка на неразрешенный внешний символ "void __cdecl cv::filter2D(class cv::_InputArray const &,class cv::_OutputArray const &,int,class cv::_InputArray const &,class cv::Point_<int>,double,int)" (?filter2D@cv@@YAXABV_InputArray@1@ABV_OutputArray@1@H0V?$Point_@H@1@NH@Z) в функции "private: void __thiscall LineDetector::skeletonize(class cv::Mat &)const " (?skeletonize@LineDetector@@ABEXAAVMat@cv@@@Z)
     1>main.obj : error LNK2001: неразрешенный внешний символ ""void __cdecl cv::filter2D(class cv::_InputArray const &,class cv::_OutputArray const &,int,class cv::_InputArray const &,class cv::Point_<int>,double,int)" (?filter2D@cv@@YAXABV_InputArray@1@ABV_OutputArray@1@H0V?$Point_@H@1@NH@Z)"
     1>line_detector.obj : error LNK2019: ссылка на неразрешенный внешний символ "public: void __thiscall cv::Mat::convertTo(class cv::_OutputArray const &,int,double,double)const " (?convertTo@Mat@cv@@QBEXABV_OutputArray@2@HNN@Z) в функции "private: void __thiscall LineDetector::skeletonize(class cv::Mat &)const " (?skeletonize@LineDetector@@ABEXAAVMat@cv@@@Z)
     1>main.obj : error LNK2001: неразрешенный внешний символ ""public: void __thiscall cv::Mat::convertTo(class cv::_OutputArray const &,int,double,double)const " (?convertTo@Mat@cv@@QBEXABV_OutputArray@2@HNN@Z)"
     1>line_detector.obj : error LNK2019: ссылка на неразрешенный внешний символ "public: void __thiscall cv::Mat::copySize(class cv::Mat const &)" (?copySize@Mat@cv@@QAEXABV12@@Z) в функции "public: __thiscall cv::Mat::Mat(class cv::Mat const &)" (??0Mat@cv@@QAE@ABV01@@Z)
     1>main.obj : error LNK2001: неразрешенный внешний символ ""public: void __thiscall cv::Mat::copySize(class cv::Mat const &)" (?copySize@Mat@cv@@QAEXABV12@@Z)"
     1>line_detector.obj : error LNK2019: ссылка на неразрешенный внешний символ "void __cdecl cv::approxPolyDP(class cv::_InputArray const &,class cv::_OutputArray const &,double,bool)" (?approxPolyDP@cv@@YAXABV_InputArray@1@ABV_OutputArray@1@N_N@Z) в функции "private: void __thiscall LineDetector::trackSkeleton(class cv::Mat &,class std::vector<class std::vector<class cv::Point_<int>,class std::allocator<class cv::Point_<int> > >,class std::allocator<class std::vector<class cv::Point_<int>,class std::allocator<class cv::Point_<int> > > > > &)const " (?trackSkeleton@LineDetector@@ABEXAAVMat@cv@@AAV?$vector@V?$vector@V?$Point_@H@cv@@V?$allocator@V?$Point_@H@cv@@@std@@@std@@V?$allocator@V?$vector@V?$Point_@H@cv@@V?$allocator@V?$Point_@H@cv@@@std@@@std@@@2@@std@@@Z)
     1>line_detector.obj : error LNK2019: ссылка на неразрешенный внешний символ "void __cdecl cv::findContours(class cv::_InputOutputArray const &,class cv::_OutputArray const &,int,int,class cv::Point_<int>)" (?findContours@cv@@YAXABV_InputOutputArray@1@ABV_OutputArray@1@HHV?$Point_@H@1@@Z) в функции "private: void __thiscall LineDetector::trackSkeleton(class cv::Mat &,class std::vector<class std::vector<class cv::Point_<int>,class std::allocator<class cv::Point_<int> > >,class std::allocator<class std::vector<class cv::Point_<int>,class std::allocator<class cv::Point_<int> > > > > &)const " (?trackSkeleton@LineDetector@@ABEXAAVMat@cv@@AAV?$vector@V?$vector@V?$Point_@H@cv@@V?$allocator@V?$Point_@H@cv@@@std@@@std@@V?$allocator@V?$vector@V?$Point_@H@cv@@V?$allocator@V?$Point_@H@cv@@@std@@@std@@@2@@std@@@Z)
     1>line_detector.obj : error LNK2019: ссылка на неразрешенный внешний символ "double __cdecl cv::threshold(class cv::_InputArray const &,class cv::_OutputArray const &,double,double,int)" (?threshold@cv@@YANABV_InputArray@1@ABV_OutputArray@1@NNH@Z) в функции "private: void __thiscall LineDetector::trackSkeleton(class cv::Mat &,class std::vector<class std::vector<class cv::Point_<int>,class std::allocator<class cv::Point_<int> > >,class std::allocator<class std::vector<class cv::Point_<int>,class std::allocator<class cv::Point_<int> > > > > &)const " (?trackSkeleton@LineDetector@@ABEXAAVMat@cv@@AAV?$vector@V?$vector@V?$Point_@H@cv@@V?$allocator@V?$Point_@H@cv@@@std@@@std@@V?$allocator@V?$vector@V?$Point_@H@cv@@V?$allocator@V?$Point_@H@cv@@@std@@@std@@@2@@std@@@Z)
     1>line_detector.obj : error LNK2019: ссылка на неразрешенный внешний символ "public: void __thiscall cv::Mat::create(int,int const *,int)" (?create@Mat@cv@@QAEXHPBHH@Z) в функции "public: void __thiscall cv::Mat::create(int,int,int)" (?create@Mat@cv@@QAEXHHH@Z)
     1>main.obj : error LNK2001: неразрешенный внешний символ ""public: void __thiscall cv::Mat::create(int,int const *,int)" (?create@Mat@cv@@QAEXHPBHH@Z)"
     1>line_detector.obj : error LNK2019: ссылка на неразрешенный внешний символ "public: void __thiscall cv::MatConstIterator::seek(int,bool)" (?seek@MatConstIterator@cv@@QAEXH_N@Z) в функции "public: class cv::MatConstIterator & __thiscall cv::MatConstIterator::operator++(void)" (??EMatConstIterator@cv@@QAEAAV01@XZ)
     1>main.obj : error LNK2001: неразрешенный внешний символ ""public: void __thiscall cv::MatConstIterator::seek(int,bool)" (?seek@MatConstIterator@cv@@QAEXH_N@Z)"
     1>line_detector.obj : error LNK2019: ссылка на неразрешенный внешний символ "public: class cv::Mat __thiscall cv::Mat::reshape(int,int,int const *)const " (?reshape@Mat@cv@@QBE?AV12@HHPBH@Z) в функции "public: class cv::Mat_<double> & __thiscall cv::Mat_<double>::operator=(class cv::Mat const &)" (??4?$Mat_@N@cv@@QAEAAV01@ABVMat@1@@Z)
     1>main.obj : error LNK2001: неразрешенный внешний символ ""public: class cv::Mat __thiscall cv::Mat::reshape(int,int,int const *)const " (?reshape@Mat@cv@@QBE?AV12@HHPBH@Z)"
     1>line_detector.obj : error LNK2019: ссылка на неразрешенный внешний символ "public: void __thiscall cv::MatConstIterator::seek(int const *,bool)" (?seek@MatConstIterator@cv@@QAEXPBH_N@Z) в функции "public: __thiscall cv::MatConstIterator::MatConstIterator(class cv::Mat const *)" (??0MatConstIterator@cv@@QAE@PBVMat@1@@Z)
     1>main.obj : error LNK2001: неразрешенный внешний символ ""public: void __thiscall cv::MatConstIterator::seek(int const *,bool)" (?seek@MatConstIterator@cv@@QAEXPBH_N@Z)"
     1>main.obj : error LNK2019: ссылка на неразрешенный внешний символ "void __cdecl cv::fitLine(class cv::_InputArray const &,class cv::_OutputArray const &,int,double,double,double)" (?fitLine@cv@@YAXABV_InputArray@1@ABV_OutputArray@1@HNNN@Z) в функции "void __cdecl fitLine(class std::vector<class cv::Point_<int>,class std::allocator<class cv::Point_<int> > > const &,class std::tr1::array<float,4> &)" (?fitLine@@YAXABV?$vector@V?$Point_@H@cv@@V?$allocator@V?$Point_@H@cv@@@std@@@std@@AAV?$array@M$03@tr1@2@@Z)
     1>main.obj : error LNK2019: ссылка на неразрешенный внешний символ "bool __cdecl cv::imwrite(class cv::String const &,class cv::_InputArray const &,class std::vector<int,class std::allocator<int> > const &)" (?imwrite@cv@@YA_NABVString@1@ABV_InputArray@1@ABV?$vector@HV?$allocator@H@std@@@std@@@Z) в функции _main
     1>main.obj : error LNK2019: ссылка на неразрешенный внешний символ "void __cdecl cv::line(class cv::_InputOutputArray const &,class cv::Point_<int>,class cv::Point_<int>,class cv::Scalar_<double> const &,int,int,int)" (?line@cv@@YAXABV_InputOutputArray@1@V?$Point_@H@1@1ABV?$Scalar_@N@1@HHH@Z) в функции _main
     1>main.obj : error LNK2019: ссылка на неразрешенный внешний символ "void __cdecl cv::cvtColor(class cv::_InputArray const &,class cv::_OutputArray const &,int,int)" (?cvtColor@cv@@YAXABV_InputArray@1@ABV_OutputArray@1@HH@Z) в функции _main
     1>main.obj : error LNK2019: ссылка на неразрешенный внешний символ "void __cdecl cv::resize(class cv::_InputArray const &,class cv::_OutputArray const &,class cv::Size_<int>,double,double,int)" (?resize@cv@@YAXABV_InputArray@1@ABV_OutputArray@1@V?$Size_@H@1@NNH@Z) в функции _main
     1>main.obj : error LNK2019: ссылка на неразрешенный внешний символ "class cv::Mat __cdecl cv::imread(class cv::String const &,int)" (?imread@cv@@YA?AVMat@1@ABVString@1@H@Z) в функции _main
     1>D:\MINE_PERSONAL\GIT\LineDetector\build\vs2010\\..\..\bin\Win32\Debug\line_detector.exe : fatal error LNK1120: 27 неразрешенных внешних элементов
     1>Построение проекта "D:\MINE_PERSONAL\GIT\LineDetector\build\vs2010\LineDetector.vcxproj" завершено (целевые объекты build) с ошибкой.

СБОЙ построения.

Затраченное время: 00:00:02.96
